<div class="story">
<h1>LogIn yandexmail
Create and send new mail</h1>
<div class="path">stories/new_mail/LogInAndSendNewMail.story</div>
<div class="scenario">
<h2>Scenario: User go to main Yandex page, login, send mail</h2>
<div class="step successful">Given the user enter main yandex page</div>
<div class="step successful">When the user click on mail button</div>
<div class="step successful">And the user type login and password and click enter</div>
<div class="step successful">And user go to options</div>
<div class="step failed">Then user change options <span class="keyword failed">(FAILED)</span><br/><span class="message failed">net.serenitybdd.core.exceptions.SerenityManagedException: Timed out after 2 seconds. Element not found
For documentation on this error, please visit: http://seleniumhq.org/exceptions/no_such_element.html
Build info: version: '2.53.1', revision: 'a36b8b1cd5757287168e54b817830adce9b0158d', time: '2016-06-30 19:26:09'
System info: host: 'AlisaHP-PC', ip: '192.168.150.141', os.name: 'Windows 7', os.arch: 'amd64', os.version: '6.1', java.version: '1.8.0_121'
Driver info: driver.version: unknown</span></div>
<pre class="failure">net.serenitybdd.core.exceptions.SerenityManagedException: Timed out after 2 seconds. Element not found
For documentation on this error, please visit: http://seleniumhq.org/exceptions/no_such_element.html
Build info: version: '2.53.1', revision: 'a36b8b1cd5757287168e54b817830adce9b0158d', time: '2016-06-30 19:26:09'
System info: host: 'AlisaHP-PC', ip: '192.168.150.141', os.name: 'Windows 7', os.arch: 'amd64', os.version: '6.1', java.version: '1.8.0_121'
Driver info: driver.version: unknown
	at net.serenitybdd.core.exceptions.SerenityManagedException.detachedCopyOf(SerenityManagedException.java:20)
	at net.thucydides.core.steps.StepInterceptor.runTestStep(StepInterceptor.java:341)
	at net.thucydides.core.steps.StepInterceptor.testStepResult(StepInterceptor.java:134)
	at net.thucydides.core.steps.StepInterceptor.intercept(StepInterceptor.java:61)
	at ru.aplana.steps.serenity.EndUserSteps$$EnhancerByCGLIB$$f2505858.optionsMoves(&lt;generated&gt;)
	at ru.aplana.steps.DefinitionSteps.changeOptions(DefinitionSteps.java:45)
	(reflection-invoke)
	at org.jbehave.core.steps.StepCreator$ParametrisedStep.perform(StepCreator.java:599)
	at org.jbehave.core.embedder.PerformableTree$FineSoFar.run(PerformableTree.java:340)
...</pre>
</div>
<div class="scenario">
<h2>Scenario: User relogin</h2>
<div class="step successful">Given the user enter main yandex page</div>
<div class="step successful">When the user click on mail button</div>
<div class="step successful">And the user type login and password and click enter</div>
<div class="step failed">When the user create new mail and check podpis <span class="keyword failed">(FAILED)</span><br/><span class="message failed">java.lang.AssertionError: data ne sovpadaut</span></div>
<div class="step notPerformed">Then check podpis <span class="keyword notPerformed">(NOT PERFORMED)</span></div>
<pre class="failure">java.lang.AssertionError: data ne sovpadaut
	at org.junit.Assert.fail(Assert.java:88)
	at org.junit.Assert.assertTrue(Assert.java:41)
	at ru.aplana.pages.YandexMailPage.writeNewMailAndCheckPodpis(YandexMailPage.java:78)
	at ru.aplana.steps.serenity.EndUserSteps.writeNewMailAndCheckPodpis(EndUserSteps.java:34)
	at ru.aplana.steps.serenity.EndUserSteps$$EnhancerByCGLIB$$f2505858.CGLIB$writeNewMailAndCheckPodpis$0(&lt;generated&gt;)
	at ru.aplana.steps.serenity.EndUserSteps$$EnhancerByCGLIB$$f2505858$$FastClassByCGLIB$$7ea337c.invoke(&lt;generated&gt;)
	at net.sf.cglib.proxy.MethodProxy.invokeSuper(MethodProxy.java:228)
	at net.thucydides.core.steps.StepInterceptor.invokeMethod(StepInterceptor.java:372)
	at net.thucydides.core.steps.StepInterceptor.executeTestStepMethod(StepInterceptor.java:357)
	at net.thucydides.core.steps.StepInterceptor.runTestStep(StepInterceptor.java:332)
	at net.thucydides.core.steps.StepInterceptor.testStepResult(StepInterceptor.java:134)
	at net.thucydides.core.steps.StepInterceptor.intercept(StepInterceptor.java:61)
	at ru.aplana.steps.serenity.EndUserSteps$$EnhancerByCGLIB$$f2505858.writeNewMailAndCheckPodpis(&lt;generated&gt;)
	at ru.aplana.steps.DefinitionSteps.writeNewMail(DefinitionSteps.java:32)
	(reflection-invoke)
	at org.jbehave.core.steps.StepCreator$ParametrisedStep.perform(StepCreator.java:599)
	at org.jbehave.core.embedder.PerformableTree$FineSoFar.run(PerformableTree.java:340)
...</pre>
</div>
</div>
