<story path="stories/consult_dictionary/LookupADefinition.story" title="Lookup a definition">
<narrative keyword="Narrative:">
  <inOrderTo keyword="In order to">talk better</inOrderTo>
  <asA keyword="As a">n English student</asA>
  <iWantTo keyword="I want to">look up word definitions</iWantTo>
</narrative>
<scenario keyword="Scenario:" title="&#1085;&#1072;&#1087;&#1080;&#1089;&#1072;&#1090;&#1100; &#1087;&#1080;&#1089;&#1100;&#1084;&#1086; &apos;vo1k@list.ru&apos;">
<step outcome="successful">Given &#1079;&#1072;&#1081;&#1090;&#1080; &#1085;&#1072; &#1087;&#1086;&#1095;&#1090;&#1091; &#1088;&#1072;&#1084;&#1073;&#1083;&#1077;&#1088; &#1087;&#1086; &#1076;&#1072;&#1085;&#1085;&#1099;&#1084;&#1080; &#1083;&#1086;&#1075;&#1080;&#1085; &apos;testramjav&apos; &#1080; &#1087;&#1072;&#1088;&#1086;&#1083;&#1100; &apos;testramjav&apos;</step>
<step outcome="successful">When &#1079;&#1072;&#1081;&#1090;&#1080; &#1074; &#1085;&#1072;&#1089;&#1090;&#1088;&#1086;&#1081;&#1082;&#1080;, &#1080;&#1079;&#1084;&#1077;&#1085;&#1080;&#1090;&#1100; &#1087;&#1086;&#1076;&#1087;&#1080;&#1089;&#1100; &#1085;&#1072; &#1076;&#1072;&#1090;&#1091; &apos;$datas&apos; &#1087;&#1086;&#1090;&#1086;&#1084; &#1087;&#1088;&#1086;&#1074;&#1077;&#1088;&#1080;&#1090;&#1100; &#1101;&#1090;&#1091; &#1087;&#1086;&#1076;&#1087;&#1080;&#1089;&#1100; &#1074; &#1087;&#1080;&#1089;&#1100;&#1084;&#1077;</step>
<step outcome="failed" keyword="FAILED">When &#1079;&#1072;&#1081;&#1090;&#1080; &#1074; &#1092;&#1086;&#1088;&#1084;&#1091; &#1085;&#1072;&#1087;&#1080;&#1089;&#1072;&#1090;&#1100; &#1087;&#1080;&#1089;&#1100;&#1084;&#1086;, &#1079;&#1072;&#1087;&#1086;&#1083;&#1085;&#1080;&#1090;&#1100; &#1087;&#1086;&#1083;&#1103; &#1080; &#1086;&#1090;&#1087;&#1088;&#1072;&#1074;&#1080;&#1090;&#1100; &apos;vo1k@list.ru&apos;<failure>net.serenitybdd.core.exceptions.SerenityManagedException: invalid element state: Element is not currently interactable and may not be manipulated
  (Session info: chrome=58.0.3029.96)
  (Driver info: chromedriver=2.29.461591 (62ebf098771772160f391d75e589dc567915b233),platform=Windows NT 10.0.10240 x86_64) (WARNING: The server did not provide any stacktrace information)
Command duration or timeout: 86 milliseconds
Build info: version: &apos;2.53.1&apos;, revision: &apos;a36b8b1cd5757287168e54b817830adce9b0158d&apos;, time: &apos;2016-06-30 19:26:09&apos;
System info: host: &apos;under&apos;, ip: &apos;192.168.56.1&apos;, os.name: &apos;Windows 10&apos;, os.arch: &apos;amd64&apos;, os.version: &apos;10.0&apos;, java.version: &apos;1.8.0_121&apos;
Driver info: org.openqa.selenium.remote.RemoteWebDriver
Capabilities [{applicationCacheEnabled=false, rotatable=false, mobileEmulationEnabled=false, networkConnectionEnabled=false, chrome={chromedriverVersion=2.29.461591 (62ebf098771772160f391d75e589dc567915b233), userDataDir=C:\Users\User\AppData\Local\Temp\scoped_dir6884_10989}, takesHeapSnapshot=true, pageLoadStrategy=normal, databaseEnabled=false, handlesAlerts=true, hasTouchScreen=false, version=58.0.3029.96, platform=XP, browserConnectionEnabled=false, nativeEvents=true, acceptSslCerts=true, locationContextEnabled=true, webStorageEnabled=true, browserName=chrome, takesScreenshot=true, javascriptEnabled=true, cssSelectorsEnabled=true, unexpectedAlertBehaviour=}]
Session ID: e66c51e99114d5147747971ab19d87e2</failure></step>
<step outcome="notPerformed" keyword="NOT PERFORMED">Then &#1077;&#1089;&#1083;&#1080; &#1085;&#1077; &#1076;&#1072;&#1077;&#1090; &#1086;&#1090;&#1087;&#1088;&#1072;&#1074;&#1080;&#1090;&#1100;, &#1074;&#1099;&#1081;&#1090;&#1080; &#1080;&#1079; &#1072;&#1082;&#1082;&#1072;&#1091;&#1085;&#1090;&#1072;</step>
<failure>net.serenitybdd.core.exceptions.SerenityManagedException: invalid element state: Element is not currently interactable and may not be manipulated
  (Session info: chrome=58.0.3029.96)
  (Driver info: chromedriver=2.29.461591 (62ebf098771772160f391d75e589dc567915b233),platform=Windows NT 10.0.10240 x86_64) (WARNING: The server did not provide any stacktrace information)
Command duration or timeout: 86 milliseconds
Build info: version: &apos;2.53.1&apos;, revision: &apos;a36b8b1cd5757287168e54b817830adce9b0158d&apos;, time: &apos;2016-06-30 19:26:09&apos;
System info: host: &apos;under&apos;, ip: &apos;192.168.56.1&apos;, os.name: &apos;Windows 10&apos;, os.arch: &apos;amd64&apos;, os.version: &apos;10.0&apos;, java.version: &apos;1.8.0_121&apos;
Driver info: org.openqa.selenium.remote.RemoteWebDriver
Capabilities [{applicationCacheEnabled=false, rotatable=false, mobileEmulationEnabled=false, networkConnectionEnabled=false, chrome={chromedriverVersion=2.29.461591 (62ebf098771772160f391d75e589dc567915b233), userDataDir=C:\Users\User\AppData\Local\Temp\scoped_dir6884_10989}, takesHeapSnapshot=true, pageLoadStrategy=normal, databaseEnabled=false, handlesAlerts=true, hasTouchScreen=false, version=58.0.3029.96, platform=XP, browserConnectionEnabled=false, nativeEvents=true, acceptSslCerts=true, locationContextEnabled=true, webStorageEnabled=true, browserName=chrome, takesScreenshot=true, javascriptEnabled=true, cssSelectorsEnabled=true, unexpectedAlertBehaviour=}]
Session ID: e66c51e99114d5147747971ab19d87e2
	at net.serenitybdd.core.exceptions.SerenityManagedException.detachedCopyOf(SerenityManagedException.java:20)
	at net.thucydides.core.steps.StepInterceptor.runTestStep(StepInterceptor.java:341)
	at net.thucydides.core.steps.StepInterceptor.testStepResult(StepInterceptor.java:134)
	at net.thucydides.core.steps.StepInterceptor.intercept(StepInterceptor.java:61)
	at ru.aplana.steps.serenity.EndUserSteps$$EnhancerByCGLIB$$6c5798f5.add_user(&lt;generated&gt;)
	at ru.aplana.steps.DefinitionSteps.whenTheUserLooksUpTheDefinitionOf(DefinitionSteps.java:27)
	(reflection-invoke)
	at org.jbehave.core.steps.StepCreator$ParametrisedStep.perform(StepCreator.java:599)
	at org.jbehave.core.embedder.PerformableTree$FineSoFar.run(PerformableTree.java:340)
...</failure>
</scenario>
</story>
